<?xml version="1.0" encoding="UTF-8"?>
<testng-results ignored="0" total="1" passed="1" failed="0" skipped="0">
  <reporter-output>
  </reporter-output>
  <suite started-at="2025-06-05T07:41:35 ICT" name="Default suite" finished-at="2025-06-05T07:41:48 ICT" duration-ms="12963">
    <groups>
    </groups>
    <test started-at="2025-06-05T07:41:35 ICT" name="Default test" finished-at="2025-06-05T07:41:48 ICT" duration-ms="12963">
      <class name="functionRegister.tc_dky">
        <test-method is-config="true" signature="beforeMethod()[pri:0, instance:functionRegister.tc_dky@4310d43]" started-at="2025-06-05T07:41:35 ICT" name="beforeMethod" finished-at="2025-06-05T07:41:42 ICT" duration-ms="7205" status="PASS">
          <reporter-output>
          </reporter-output>
        </test-method> <!-- beforeMethod -->
        <test-method signature="dky7_InvalidMail()[pri:6, instance:functionRegister.tc_dky@4310d43]" started-at="2025-06-05T07:41:42 ICT" name="dky7_InvalidMail" finished-at="2025-06-05T07:41:45 ICT" duration-ms="3118" status="PASS">
          <reporter-output>
          </reporter-output>
        </test-method> <!-- dky7_InvalidMail -->
        <test-method is-config="true" signature="afterMethod()[pri:0, instance:functionRegister.tc_dky@4310d43]" started-at="2025-06-05T07:41:45 ICT" name="afterMethod" finished-at="2025-06-05T07:41:48 ICT" duration-ms="2561" status="PASS">
          <reporter-output>
          </reporter-output>
        </test-method> <!-- afterMethod -->
      </class> <!-- functionRegister.tc_dky -->
    </test> <!-- Default test -->
  </suite> <!-- Default suite -->
</testng-results>
